#
# There is insufficient memory for the Java Runtime Environment to continue.
# Native memory allocation (mmap) failed to map 232783872 bytes for Failed to commit area from 0x0000000722400000 to 0x0000000730200000 of length 232783872.
# Possible reasons:
#   The system is out of physical RAM or swap space
#   The process is running with CompressedOops enabled, and the Java Heap may be blocking the growth of the native heap
# Possible solutions:
#   Reduce memory load on the system
#   Increase physical memory or swap space
#   Check if swap backing store is full
#   Decrease Java heap size (-Xmx/-Xms)
#   Decrease number of Java threads
#   Decrease Java thread stack sizes (-Xss)
#   Set larger code cache with -XX:ReservedCodeCacheSize=
# This output file may be truncated or incomplete.
#
#  Out of Memory Error (./src/hotspot/os/windows/os_windows.cpp:3301), pid=67340, tid=63932
#
# JRE version:  (11.0.11+9) (build )
# Java VM: OpenJDK 64-Bit Server VM (11.0.11+9-b1341.60, mixed mode, sharing, tiered, compressed oops, g1 gc, windows-amd64)
# No core dump will be written. Minidumps are not enabled by default on client versions of Windows
#

---------------  S U M M A R Y ------------

Command Line: org.jetbrains.git4idea.http.GitAskPassApp Username for 'http://36.133.9.60:8099': 

Host: AMD Ryzen 7 5800H with Radeon Graphics         , 16 cores, 13G,  Windows 10 , 64 bit Build 22000 (10.0.22000.708)
Time: Thu Jun 30 17:45:06 2022 中国标准时间 elapsed time: 0.017479 seconds (0d 0h 0m 0s)

---------------  T H R E A D  ---------------

Current thread (0x000001b913c1f800):  JavaThread "Unknown thread" [_thread_in_vm, id=63932, stack(0x000000ad4b600000,0x000000ad4b700000)]

Stack: [0x000000ad4b600000,0x000000ad4b700000]
Native frames: (J=compiled Java code, j=interpreted, Vv=VM code, C=native code)
V  [jvm.dll+0x5f5c8a]
V  [jvm.dll+0x779405]
V  [jvm.dll+0x77aa1d]
V  [jvm.dll+0x77b0d3]
V  [jvm.dll+0x244bc8]
V  [jvm.dll+0x5f3084]
V  [jvm.dll+0x5e7fe5]
V  [jvm.dll+0x30098b]
V  [jvm.dll+0x3008fa]
V  [jvm.dll+0x3007d2]
V  [jvm.dll+0x3056b6]
V  [jvm.dll+0x34e353]
V  [jvm.dll+0x34ea56]
V  [jvm.dll+0x34e453]
V  [jvm.dll+0x2db398]
V  [jvm.dll+0x2dc547]
V  [jvm.dll+0x757bf7]
V  [jvm.dll+0x7593ec]
V  [jvm.dll+0x35b8d9]
V  [jvm.dll+0x73b38e]
V  [jvm.dll+0x3c3cc3]
V  [jvm.dll+0x3c60e1]
C  [jli.dll+0x5373]
C  [ucrtbase.dll+0x26c0c]
C  [KERNEL32.DLL+0x154e0]
C  [ntdll.dll+0x485b]


---------------  P R O C E S S  ---------------

Threads class SMR info:
_java_thread_list=0x000001b9120e3a10, length=0, elements={
}

Java Threads: ( => current thread )

Other Threads:
  0x000001b913c38800 GCTaskThread "GC Thread#0" [stack: 0x000000ad4b700000,0x000000ad4b800000] [id=68708]
  0x000001b913c8d000 ConcurrentGCThread "G1 Main Marker" [stack: 0x000000ad4b800000,0x000000ad4b900000] [id=67448]
  0x000001b913c8e000 ConcurrentGCThread "G1 Conc#0" [stack: 0x000000ad4b900000,0x000000ad4ba00000] [id=68536]

[error occurred during error reporting (printing all threads), id 0xc0000005, EXCEPTION_ACCESS_VIOLATION (0xc0000005) at pc=0x00007ffb91ffb9f7]

VM state:not at safepoint (not fully initialized)

VM Mutex/Monitor currently owned by a thread:  ([mutex/lock_event])
[0x000001b913c1b880] Heap_lock - owner thread: 0x000001b913c1f800

Heap address: 0x0000000722400000, size: 3548 MB, Compressed Oops mode: Non-zero based: 0x0000000722400000
Narrow klass base: 0x0000000000000000, Narrow klass shift: 0

GC Heap History (0 events):
No events

Deoptimization events (0 events):
No events

Classes redefined (0 events):
No events

Internal exceptions (0 events):
No events

Events (1 events):
Event: 0.010 Loaded shared library D:\Program Files\JetBrains\IntelliJ IDEA 2021.1.3\jbr\bin\zip.dll


Dynamic libraries:
0x00007ff752650000 - 0x00007ff75265a000 	D:\Program Files\JetBrains\IntelliJ IDEA 2021.1.3\jbr\bin\java.exe
0x00007ffbddd40000 - 0x00007ffbddf49000 	C:\WINDOWS\SYSTEM32\ntdll.dll
0x00007ffbdd7f0000 - 0x00007ffbdd8ad000 	C:\WINDOWS\System32\KERNEL32.DLL
0x00007ffbdb460000 - 0x00007ffbdb7d9000 	C:\WINDOWS\System32\KERNELBASE.dll
0x00007ffbdbab0000 - 0x00007ffbdbbc1000 	C:\WINDOWS\System32\ucrtbase.dll
0x00007ffbd4690000 - 0x00007ffbd46a9000 	D:\Program Files\JetBrains\IntelliJ IDEA 2021.1.3\jbr\bin\jli.dll
0x00007ffbcd800000 - 0x00007ffbcd817000 	D:\Program Files\JetBrains\IntelliJ IDEA 2021.1.3\jbr\bin\VCRUNTIME140.dll
0x00007ffbdcda0000 - 0x00007ffbdcf4c000 	C:\WINDOWS\System32\USER32.dll
0x00007ffbdb220000 - 0x00007ffbdb246000 	C:\WINDOWS\System32\win32u.dll
0x00007ffbdd2c0000 - 0x00007ffbdd2e9000 	C:\WINDOWS\System32\GDI32.dll
0x00007ffbdb340000 - 0x00007ffbdb452000 	C:\WINDOWS\System32\gdi32full.dll
0x00007ffbc7160000 - 0x00007ffbc7405000 	C:\WINDOWS\WinSxS\amd64_microsoft.windows.common-controls_6595b64144ccf1df_6.0.22000.120_none_9d947278b86cc467\COMCTL32.dll
0x00007ffbdb7e0000 - 0x00007ffbdb87d000 	C:\WINDOWS\System32\msvcp_win.dll
0x00007ffbdd040000 - 0x00007ffbdd0e3000 	C:\WINDOWS\System32\msvcrt.dll
0x00007ffbdbc70000 - 0x00007ffbdbca1000 	C:\WINDOWS\System32\IMM32.DLL
0x000000005de70000 - 0x000000005de7c000 	D:\Program Files (x86)\360\360Safe\safemon\SafeWrapper.dll
0x00007ffbdd0f0000 - 0x00007ffbdd19e000 	C:\WINDOWS\System32\ADVAPI32.dll
0x00007ffbdbbd0000 - 0x00007ffbdbc6e000 	C:\WINDOWS\System32\sechost.dll
0x00007ffbdd1a0000 - 0x00007ffbdd2c0000 	C:\WINDOWS\System32\RPCRT4.dll
0x00007ffbcaf20000 - 0x00007ffbcafb2000 	D:\Program Files (x86)\360\360Safe\safemon\libzdtp64.dll
0x00007ffbdc000000 - 0x00007ffbdc7b8000 	C:\WINDOWS\System32\SHELL32.dll
0x00007ffbdbe50000 - 0x00007ffbdbead000 	C:\WINDOWS\System32\SHLWAPI.dll
0x00007ffbdabd0000 - 0x00007ffbdabda000 	C:\WINDOWS\SYSTEM32\VERSION.dll
0x00007ffbc69e0000 - 0x00007ffbc6a7d000 	D:\Program Files\JetBrains\IntelliJ IDEA 2021.1.3\jbr\bin\msvcp140.dll
0x00007ffb91d10000 - 0x00007ffb92859000 	D:\Program Files\JetBrains\IntelliJ IDEA 2021.1.3\jbr\bin\server\jvm.dll
0x00007ffbddb30000 - 0x00007ffbddb38000 	C:\WINDOWS\System32\PSAPI.DLL
0x00007ffbd3b40000 - 0x00007ffbd3b73000 	C:\WINDOWS\SYSTEM32\WINMM.dll
0x00007ffbc3c00000 - 0x00007ffbc3c09000 	C:\WINDOWS\SYSTEM32\WSOCK32.dll
0x00007ffbdd970000 - 0x00007ffbdd9df000 	C:\WINDOWS\System32\WS2_32.dll
0x00007ffbda2b0000 - 0x00007ffbda2c8000 	C:\WINDOWS\SYSTEM32\kernel.appcore.dll
0x00007ffbd4ed0000 - 0x00007ffbd4ee1000 	D:\Program Files\JetBrains\IntelliJ IDEA 2021.1.3\jbr\bin\verify.dll
0x00007ffbd8da0000 - 0x00007ffbd8fc1000 	C:\WINDOWS\SYSTEM32\DBGHELP.DLL
0x00007ffbd1140000 - 0x00007ffbd1171000 	C:\WINDOWS\SYSTEM32\dbgcore.DLL
0x00007ffbdb2c0000 - 0x00007ffbdb33f000 	C:\WINDOWS\System32\bcryptPrimitives.dll
0x00007ffbd0da0000 - 0x00007ffbd0dc9000 	D:\Program Files\JetBrains\IntelliJ IDEA 2021.1.3\jbr\bin\java.dll
0x00007ffbd6a10000 - 0x00007ffbd6a1b000 	D:\Program Files\JetBrains\IntelliJ IDEA 2021.1.3\jbr\bin\jimage.dll
0x00007ffbd3970000 - 0x00007ffbd3988000 	D:\Program Files\JetBrains\IntelliJ IDEA 2021.1.3\jbr\bin\zip.dll

dbghelp: loaded successfully - version: 4.0.5 - missing functions: none
symbol engine: initialized successfully - sym options: 0x614 - pdb path: .;D:\Program Files\JetBrains\IntelliJ IDEA 2021.1.3\jbr\bin;C:\WINDOWS\SYSTEM32;C:\WINDOWS\WinSxS\amd64_microsoft.windows.common-controls_6595b64144ccf1df_6.0.22000.120_none_9d947278b86cc467;D:\Program Files (x86)\360\360Safe\safemon;D:\Program Files\JetBrains\IntelliJ IDEA 2021.1.3\jbr\bin\server

VM Arguments:
java_command: org.jetbrains.git4idea.http.GitAskPassApp Username for 'http://36.133.9.60:8099': 
java_class_path (initial): D:/Program Files/JetBrains/IntelliJ IDEA 2021.1.3/plugins/git4idea/lib/git4idea-rt.jar;D:/Program Files/JetBrains/IntelliJ IDEA 2021.1.3/lib/xmlrpc-2.0.1.jar;D:/Program Files/JetBrains/IntelliJ IDEA 2021.1.3/lib/commons-codec-1.15.jar
Launcher Type: SUN_STANDARD

[Global flags]
     intx CICompilerCount                          = 12                                        {product} {ergonomic}
     uint ConcGCThreads                            = 3                                         {product} {ergonomic}
     uint G1ConcRefinementThreads                  = 13                                        {product} {ergonomic}
   size_t G1HeapRegionSize                         = 1048576                                   {product} {ergonomic}
    uintx GCDrainStackTargetSize                   = 64                                        {product} {ergonomic}
   size_t InitialHeapSize                          = 232783872                                 {product} {ergonomic}
   size_t MarkStackSize                            = 4194304                                   {product} {ergonomic}
   size_t MaxHeapSize                              = 3720347648                                {product} {ergonomic}
   size_t MinHeapDeltaBytes                        = 1048576                                   {product} {ergonomic}
    uintx NonNMethodCodeHeapSize                   = 7594288                                {pd product} {ergonomic}
    uintx NonProfiledCodeHeapSize                  = 122031976                              {pd product} {ergonomic}
    uintx ProfiledCodeHeapSize                     = 122031976                              {pd product} {ergonomic}
    uintx ReservedCodeCacheSize                    = 251658240                              {pd product} {ergonomic}
     bool SegmentedCodeCache                       = true                                      {product} {ergonomic}
     bool UseCompressedClassPointers               = true                                 {lp64_product} {ergonomic}
     bool UseCompressedOops                        = true                                 {lp64_product} {ergonomic}
     bool UseG1GC                                  = true                                      {product} {ergonomic}
     bool UseLargePagesIndividualAllocation        = false                                  {pd product} {ergonomic}

Logging:
Log output configuration:
 #0: stdout all=warning uptime,level,tags
 #1: stderr all=off uptime,level,tags

Environment Variables:
JAVA_HOME=C:\Program Files\Java\jdk1.8.0_301
CLASSPATH=.;C:\Program Files\Java\jdk1.8.0_301\lib\dt.jar;C:\Program Files\Java\jdk1.8.0_301\lib\tools.jar;
PATH=D:\Program Files\Git\mingw64\libexec\git-core;D:\Program Files\Git\mingw64\libexec\git-core;D:\Program Files\Git\mingw64\bin;D:\Program Files\Git\usr\bin;C:\Users\lenovo\bin;C:\Program Files (x86)\Common Files\TEC-IT\TBarCode\10.2;D:\oracle\product\11.2.0\dbhome_1\bin;C:\Windows\system32;C:\Windows;C:\Windows\System32\Wbem;C:\Windows\System32\WindowsPowerShell\v1.0;C:\Windows\System32\OpenSSH;C:\Program Files (x86)\NVIDIA Corporation\PhysX\Common;C:\Program Files\NVIDIA Corporation\NVIDIA NvDLISR;C:\Program Files\Java\jdk1.8.0_301\bin;C:\Program Files\Java\jdk1.8.0_301\jre\bin;C:\Program Files\MySQL\MySQL Server 8.0\bin;D:\Program Files (x86)\XShell;C:\WINDOWS\system32;C:\WINDOWS;C:\WINDOWS\System32\Wbem;C:\WINDOWS\System32\WindowsPowerShell\v1.0;C:\WINDOWS\System32\OpenSSH;F:\nodejs\node_global;D:\Program Files (x86)\NetSarang\Xftp7;C:\Program Files\dotnet;D:\Program Files\TortoiseGit\bin;D:\Program Files (x86)\Tencent\微信web开发者工具\dll;D:\Program Files\Git\cmd;D:\Program Files (x86)\nvm;D:\Program Files (x86)\nvm\nodejs;D:\apache-maven-3.8.2\bin;C:\Users\lenovo\AppData\Local\Microsoft\WindowsApps;D:\Program Files\JetBrains\IntelliJ IDEA 2021.1.3\bin;D:\Program Files\Microsoft VS Code\bin;D:\Program Files (x86)\nvm;D:\Program Files (x86)\nvm\nodejs
USERNAME=lenovo
DISPLAY=:0.0
LC_ALL=en_US.UTF-8
OS=Windows_NT
PROCESSOR_IDENTIFIER=AMD64 Family 25 Model 80 Stepping 0, AuthenticAMD



---------------  S Y S T E M  ---------------

OS: Windows 10 , 64 bit Build 22000 (10.0.22000.708)
OS uptime: 0 days 5:38 hours

CPU:total 16 (initial active 16) (16 cores per cpu, 2 threads per core) family 25 model 80 stepping 0 microcode 0x0, cmov, cx8, fxsr, mmx, sse, sse2, sse3, ssse3, sse4.1, sse4.2, popcnt, avx, avx2, aes, clmul, erms, mmxext, 3dnowpref, lzcnt, sse4a, ht, tsc, tscinvbit, tscinv, bmi1, bmi2,

Memory: 4k page, system-wide physical 14188M (661M free)
TotalPageFile size 29592M (AvailPageFile size 132M)
current process WorkingSet (physical memory assigned to process): 12M, peak: 12M
current process commit charge ("private bytes"): 71M, peak: 293M

vm_info: OpenJDK 64-Bit Server VM (11.0.11+9-b1341.60) for windows-amd64 JRE (11.0.11+9-b1341.60), built on Jun  4 2021 08:17:54 by "" with MS VC++ 14.0 (VS2015)

END.
