#
# There is insufficient memory for the Java Runtime Environment to continue.
# Native memory allocation (malloc) failed to allocate 32744 bytes for ChunkPool::allocate
# Possible reasons:
#   The system is out of physical RAM or swap space
#   The process is running with CompressedOops enabled, and the Java Heap may be blocking the growth of the native heap
# Possible solutions:
#   Reduce memory load on the system
#   Increase physical memory or swap space
#   Check if swap backing store is full
#   Decrease Java heap size (-Xmx/-Xms)
#   Decrease number of Java threads
#   Decrease Java thread stack sizes (-Xss)
#   Set larger code cache with -XX:ReservedCodeCacheSize=
#   JVM is running with Zero Based Compressed Oops mode in which the Java heap is
#     placed in the first 32GB address space. The Java Heap base address is the
#     maximum limit for the native heap growth. Please use -XX:HeapBaseMinAddress
#     to set the Java Heap base and to place the Java Heap above 32GB virtual address.
# This output file may be truncated or incomplete.
#
#  Out of Memory Error (./src/hotspot/share/memory/arena.cpp:81), pid=61372, tid=62636
#
# JRE version: OpenJDK Runtime Environment JBR-11.0.11.9-1341.60-jcef (11.0.11+9) (build 11.0.11+9-b1341.60)
# Java VM: OpenJDK 64-Bit Server VM JBR-11.0.11.9-1341.60-jcef (11.0.11+9-b1341.60, mixed mode, tiered, compressed oops, g1 gc, windows-amd64)
# No core dump will be written. Minidumps are not enabled by default on client versions of Windows
#

---------------  S U M M A R Y ------------

Command Line: org.jetbrains.git4idea.http.GitAskPassApp Username for 'http://36.133.9.60:8099': 

Host: AMD Ryzen 7 5800H with Radeon Graphics         , 16 cores, 13G,  Windows 10 , 64 bit Build 22000 (10.0.22000.708)
Time: Thu Jul  7 14:44:25 2022 中国标准时间 elapsed time: 0.197009 seconds (0d 0h 0m 0s)

---------------  T H R E A D  ---------------

Current thread (0x0000028c89f32000):  JavaThread "C1 CompilerThread1" daemon [_thread_in_native, id=62636, stack(0x000000dead000000,0x000000dead100000)]


Current CompileTask:
C1:    197  215       3       jdk.internal.org.objectweb.asm.Frame::execute (2264 bytes)

Stack: [0x000000dead000000,0x000000dead100000]
Native frames: (J=compiled Java code, j=interpreted, Vv=VM code, C=native code)
V  [jvm.dll+0x5f5c8a]
V  [jvm.dll+0x779405]
V  [jvm.dll+0x77aa1d]
V  [jvm.dll+0x77b0d3]
V  [jvm.dll+0x244bc8]
V  [jvm.dll+0xbda7b]
V  [jvm.dll+0xbdd2c]
V  [jvm.dll+0x133726]
V  [jvm.dll+0x13647b]
V  [jvm.dll+0x12980b]
V  [jvm.dll+0x135c32]
V  [jvm.dll+0x138e75]
V  [jvm.dll+0x1388bd]
V  [jvm.dll+0x12fb20]
V  [jvm.dll+0x131fc5]
V  [jvm.dll+0x130622]
V  [jvm.dll+0x129e16]
V  [jvm.dll+0x13a4b6]
V  [jvm.dll+0x13a369]
V  [jvm.dll+0x125bc9]
V  [jvm.dll+0x125f1a]
V  [jvm.dll+0x126113]
V  [jvm.dll+0x125427]
V  [jvm.dll+0x126ff7]
V  [jvm.dll+0x20b277]
V  [jvm.dll+0x209ac1]
V  [jvm.dll+0x74165f]
V  [jvm.dll+0x73a125]
V  [jvm.dll+0x5f4b76]
C  [ucrtbase.dll+0x26c0c]
C  [KERNEL32.DLL+0x154e0]
C  [ntdll.dll+0x485b]


---------------  P R O C E S S  ---------------

Threads class SMR info:
_java_thread_list=0x0000028c89ed9ec0, length=11, elements={
0x0000028ce9ec2000, 0x0000028cffaea000, 0x0000028cffaee000, 0x0000028c89d44800,
0x0000028c89d45800, 0x0000028c89d46800, 0x0000028c89d48000, 0x0000028c89d53000,
0x0000028c89d6f000, 0x0000028c89ed3800, 0x0000028c89f32000
}

Java Threads: ( => current thread )
  0x0000028ce9ec2000 JavaThread "main" [_thread_blocked, id=62488, stack(0x000000deabf00000,0x000000deac000000)]
  0x0000028cffaea000 JavaThread "Reference Handler" daemon [_thread_blocked, id=62560, stack(0x000000deac600000,0x000000deac700000)]
  0x0000028cffaee000 JavaThread "Finalizer" daemon [_thread_blocked, id=62564, stack(0x000000deac700000,0x000000deac800000)]
  0x0000028c89d44800 JavaThread "Signal Dispatcher" daemon [_thread_blocked, id=62584, stack(0x000000deac800000,0x000000deac900000)]
  0x0000028c89d45800 JavaThread "Attach Listener" daemon [_thread_blocked, id=62588, stack(0x000000deac900000,0x000000deaca00000)]
  0x0000028c89d46800 JavaThread "Service Thread" daemon [_thread_blocked, id=62592, stack(0x000000deaca00000,0x000000deacb00000)]
  0x0000028c89d48000 JavaThread "C2 CompilerThread0" daemon [_thread_blocked, id=62596, stack(0x000000deacb00000,0x000000deacc00000)]
  0x0000028c89d53000 JavaThread "C1 CompilerThread0" daemon [_thread_blocked, id=62600, stack(0x000000deacc00000,0x000000deacd00000)]
  0x0000028c89d6f000 JavaThread "Sweeper thread" daemon [_thread_blocked, id=62604, stack(0x000000deacd00000,0x000000deace00000)]
  0x0000028c89ed3800 JavaThread "Common-Cleaner" daemon [_thread_blocked, id=62616, stack(0x000000deacf00000,0x000000dead000000)]
=>0x0000028c89f32000 JavaThread "C1 CompilerThread1" daemon [_thread_in_native, id=62636, stack(0x000000dead000000,0x000000dead100000)]

Other Threads:
  0x0000028cffae7800 VMThread "VM Thread" [stack: 0x000000deac500000,0x000000deac600000] [id=62556]
  0x0000028c89ec5800 WatcherThread [stack: 0x000000deace00000,0x000000deacf00000] [id=62612]
  0x0000028ce9eda800 GCTaskThread "GC Thread#0" [stack: 0x000000deac000000,0x000000deac100000] [id=62500]
  0x0000028ce9f2d800 ConcurrentGCThread "G1 Main Marker" [stack: 0x000000deac100000,0x000000deac200000] [id=62504]
  0x0000028ce9f2e800 ConcurrentGCThread "G1 Conc#0" [stack: 0x000000deac200000,0x000000deac300000] [id=62508]
  0x0000028cff9d1800 ConcurrentGCThread "G1 Refine#0" [stack: 0x000000deac300000,0x000000deac400000] [id=62532]
  0x0000028cff9d4800 ConcurrentGCThread "G1 Young RemSet Sampling" [stack: 0x000000deac400000,0x000000deac500000] [id=62536]

Threads with active compile tasks:
C1 CompilerThread1    236  215       3       jdk.internal.org.objectweb.asm.Frame::execute (2264 bytes)

VM state:not at safepoint (normal execution)

VM Mutex/Monitor currently owned by a thread: None

OutOfMemory and StackOverflow Exception counts:
OutOfMemoryError java_heap_errors=1

Heap address: 0x0000000722400000, size: 3548 MB, Compressed Oops mode: Zero based, Oop shift amount: 3
Narrow klass base: 0x0000000800000000, Narrow klass shift: 0
Compressed class space size: 1073741824 Address: 0x0000000800000000

Heap:
 garbage-first heap   total 227328K, used 2048K [0x0000000722400000, 0x0000000800000000)
  region size 1024K, 3 young (3072K), 0 survivors (0K)
 Metaspace       used 5804K, capacity 5938K, committed 6144K, reserved 1058816K
  class space    used 498K, capacity 509K, committed 512K, reserved 1048576K
Heap Regions: E=young(eden), S=young(survivor), O=old, HS=humongous(starts), HC=humongous(continues), CS=collection set, F=free, A=archive, TAMS=top-at-mark-start (previous, next)
|   0|0x0000000722400000, 0x0000000722400000, 0x0000000722500000|  0%| F|  |TAMS 0x0000000722400000, 0x0000000722400000| Untracked 
|   1|0x0000000722500000, 0x0000000722500000, 0x0000000722600000|  0%| F|  |TAMS 0x0000000722500000, 0x0000000722500000| Untracked 
|   2|0x0000000722600000, 0x0000000722600000, 0x0000000722700000|  0%| F|  |TAMS 0x0000000722600000, 0x0000000722600000| Untracked 
|   3|0x0000000722700000, 0x0000000722700000, 0x0000000722800000|  0%| F|  |TAMS 0x0000000722700000, 0x0000000722700000| Untracked 
|   4|0x0000000722800000, 0x0000000722800000, 0x0000000722900000|  0%| F|  |TAMS 0x0000000722800000, 0x0000000722800000| Untracked 
|   5|0x0000000722900000, 0x0000000722900000, 0x0000000722a00000|  0%| F|  |TAMS 0x0000000722900000, 0x0000000722900000| Untracked 
|   6|0x0000000722a00000, 0x0000000722a00000, 0x0000000722b00000|  0%| F|  |TAMS 0x0000000722a00000, 0x0000000722a00000| Untracked 
|   7|0x0000000722b00000, 0x0000000722b00000, 0x0000000722c00000|  0%| F|  |TAMS 0x0000000722b00000, 0x0000000722b00000| Untracked 
|   8|0x0000000722c00000, 0x0000000722c00000, 0x0000000722d00000|  0%| F|  |TAMS 0x0000000722c00000, 0x0000000722c00000| Untracked 
|   9|0x0000000722d00000, 0x0000000722d00000, 0x0000000722e00000|  0%| F|  |TAMS 0x0000000722d00000, 0x0000000722d00000| Untracked 
|  10|0x0000000722e00000, 0x0000000722e00000, 0x0000000722f00000|  0%| F|  |TAMS 0x0000000722e00000, 0x0000000722e00000| Untracked 
|  11|0x0000000722f00000, 0x0000000722f00000, 0x0000000723000000|  0%| F|  |TAMS 0x0000000722f00000, 0x0000000722f00000| Untracked 
|  12|0x0000000723000000, 0x0000000723000000, 0x0000000723100000|  0%| F|  |TAMS 0x0000000723000000, 0x0000000723000000| Untracked 
|  13|0x0000000723100000, 0x0000000723100000, 0x0000000723200000|  0%| F|  |TAMS 0x0000000723100000, 0x0000000723100000| Untracked 
|  14|0x0000000723200000, 0x0000000723200000, 0x0000000723300000|  0%| F|  |TAMS 0x0000000723200000, 0x0000000723200000| Untracked 
|  15|0x0000000723300000, 0x0000000723300000, 0x0000000723400000|  0%| F|  |TAMS 0x0000000723300000, 0x0000000723300000| Untracked 
|  16|0x0000000723400000, 0x0000000723400000, 0x0000000723500000|  0%| F|  |TAMS 0x0000000723400000, 0x0000000723400000| Untracked 
|  17|0x0000000723500000, 0x0000000723500000, 0x0000000723600000|  0%| F|  |TAMS 0x0000000723500000, 0x0000000723500000| Untracked 
|  18|0x0000000723600000, 0x0000000723600000, 0x0000000723700000|  0%| F|  |TAMS 0x0000000723600000, 0x0000000723600000| Untracked 
|  19|0x0000000723700000, 0x0000000723700000, 0x0000000723800000|  0%| F|  |TAMS 0x0000000723700000, 0x0000000723700000| Untracked 
|  20|0x0000000723800000, 0x0000000723800000, 0x0000000723900000|  0%| F|  |TAMS 0x0000000723800000, 0x0000000723800000| Untracked 
|  21|0x0000000723900000, 0x0000000723900000, 0x0000000723a00000|  0%| F|  |TAMS 0x0000000723900000, 0x0000000723900000| Untracked 
|  22|0x0000000723a00000, 0x0000000723a00000, 0x0000000723b00000|  0%| F|  |TAMS 0x0000000723a00000, 0x0000000723a00000| Untracked 
|  23|0x0000000723b00000, 0x0000000723b00000, 0x0000000723c00000|  0%| F|  |TAMS 0x0000000723b00000, 0x0000000723b00000| Untracked 
|  24|0x0000000723c00000, 0x0000000723c00000, 0x0000000723d00000|  0%| F|  |TAMS 0x0000000723c00000, 0x0000000723c00000| Untracked 
|  25|0x0000000723d00000, 0x0000000723d00000, 0x0000000723e00000|  0%| F|  |TAMS 0x0000000723d00000, 0x0000000723d00000| Untracked 
|  26|0x0000000723e00000, 0x0000000723e00000, 0x0000000723f00000|  0%| F|  |TAMS 0x0000000723e00000, 0x0000000723e00000| Untracked 
|  27|0x0000000723f00000, 0x0000000723f00000, 0x0000000724000000|  0%| F|  |TAMS 0x0000000723f00000, 0x0000000723f00000| Untracked 
|  28|0x0000000724000000, 0x0000000724000000, 0x0000000724100000|  0%| F|  |TAMS 0x0000000724000000, 0x0000000724000000| Untracked 
|  29|0x0000000724100000, 0x0000000724100000, 0x0000000724200000|  0%| F|  |TAMS 0x0000000724100000, 0x0000000724100000| Untracked 
|  30|0x0000000724200000, 0x0000000724200000, 0x0000000724300000|  0%| F|  |TAMS 0x0000000724200000, 0x0000000724200000| Untracked 
|  31|0x0000000724300000, 0x0000000724300000, 0x0000000724400000|  0%| F|  |TAMS 0x0000000724300000, 0x0000000724300000| Untracked 
|  32|0x0000000724400000, 0x0000000724400000, 0x0000000724500000|  0%| F|  |TAMS 0x0000000724400000, 0x0000000724400000| Untracked 
|  33|0x0000000724500000, 0x0000000724500000, 0x0000000724600000|  0%| F|  |TAMS 0x0000000724500000, 0x0000000724500000| Untracked 
|  34|0x0000000724600000, 0x0000000724600000, 0x0000000724700000|  0%| F|  |TAMS 0x0000000724600000, 0x0000000724600000| Untracked 
|  35|0x0000000724700000, 0x0000000724700000, 0x0000000724800000|  0%| F|  |TAMS 0x0000000724700000, 0x0000000724700000| Untracked 
|  36|0x0000000724800000, 0x0000000724800000, 0x0000000724900000|  0%| F|  |TAMS 0x0000000724800000, 0x0000000724800000| Untracked 
|  37|0x0000000724900000, 0x0000000724900000, 0x0000000724a00000|  0%| F|  |TAMS 0x0000000724900000, 0x0000000724900000| Untracked 
|  38|0x0000000724a00000, 0x0000000724a00000, 0x0000000724b00000|  0%| F|  |TAMS 0x0000000724a00000, 0x0000000724a00000| Untracked 
|  39|0x0000000724b00000, 0x0000000724b00000, 0x0000000724c00000|  0%| F|  |TAMS 0x0000000724b00000, 0x0000000724b00000| Untracked 
|  40|0x0000000724c00000, 0x0000000724c00000, 0x0000000724d00000|  0%| F|  |TAMS 0x0000000724c00000, 0x0000000724c00000| Untracked 
|  41|0x0000000724d00000, 0x0000000724d00000, 0x0000000724e00000|  0%| F|  |TAMS 0x0000000724d00000, 0x0000000724d00000| Untracked 
|  42|0x0000000724e00000, 0x0000000724e00000, 0x0000000724f00000|  0%| F|  |TAMS 0x0000000724e00000, 0x0000000724e00000| Untracked 
|  43|0x0000000724f00000, 0x0000000724f00000, 0x0000000725000000|  0%| F|  |TAMS 0x0000000724f00000, 0x0000000724f00000| Untracked 
|  44|0x0000000725000000, 0x0000000725000000, 0x0000000725100000|  0%| F|  |TAMS 0x0000000725000000, 0x0000000725000000| Untracked 
|  45|0x0000000725100000, 0x0000000725100000, 0x0000000725200000|  0%| F|  |TAMS 0x0000000725100000, 0x0000000725100000| Untracked 
|  46|0x0000000725200000, 0x0000000725200000, 0x0000000725300000|  0%| F|  |TAMS 0x0000000725200000, 0x0000000725200000| Untracked 
|  47|0x0000000725300000, 0x0000000725300000, 0x0000000725400000|  0%| F|  |TAMS 0x0000000725300000, 0x0000000725300000| Untracked 
|  48|0x0000000725400000, 0x0000000725400000, 0x0000000725500000|  0%| F|  |TAMS 0x0000000725400000, 0x0000000725400000| Untracked 
|  49|0x0000000725500000, 0x0000000725500000, 0x0000000725600000|  0%| F|  |TAMS 0x0000000725500000, 0x0000000725500000| Untracked 
|  50|0x0000000725600000, 0x0000000725600000, 0x0000000725700000|  0%| F|  |TAMS 0x0000000725600000, 0x0000000725600000| Untracked 
|  51|0x0000000725700000, 0x0000000725700000, 0x0000000725800000|  0%| F|  |TAMS 0x0000000725700000, 0x0000000725700000| Untracked 
|  52|0x0000000725800000, 0x0000000725800000, 0x0000000725900000|  0%| F|  |TAMS 0x0000000725800000, 0x0000000725800000| Untracked 
|  53|0x0000000725900000, 0x0000000725900000, 0x0000000725a00000|  0%| F|  |TAMS 0x0000000725900000, 0x0000000725900000| Untracked 
|  54|0x0000000725a00000, 0x0000000725a00000, 0x0000000725b00000|  0%| F|  |TAMS 0x0000000725a00000, 0x0000000725a00000| Untracked 
|  55|0x0000000725b00000, 0x0000000725b00000, 0x0000000725c00000|  0%| F|  |TAMS 0x0000000725b00000, 0x0000000725b00000| Untracked 
|  56|0x0000000725c00000, 0x0000000725c00000, 0x0000000725d00000|  0%| F|  |TAMS 0x0000000725c00000, 0x0000000725c00000| Untracked 
|  57|0x0000000725d00000, 0x0000000725d00000, 0x0000000725e00000|  0%| F|  |TAMS 0x0000000725d00000, 0x0000000725d00000| Untracked 
|  58|0x0000000725e00000, 0x0000000725e00000, 0x0000000725f00000|  0%| F|  |TAMS 0x0000000725e00000, 0x0000000725e00000| Untracked 
|  59|0x0000000725f00000, 0x0000000725f00000, 0x0000000726000000|  0%| F|  |TAMS 0x0000000725f00000, 0x0000000725f00000| Untracked 
|  60|0x0000000726000000, 0x0000000726000000, 0x0000000726100000|  0%| F|  |TAMS 0x0000000726000000, 0x0000000726000000| Untracked 
|  61|0x0000000726100000, 0x0000000726100000, 0x0000000726200000|  0%| F|  |TAMS 0x0000000726100000, 0x0000000726100000| Untracked 
|  62|0x0000000726200000, 0x0000000726200000, 0x0000000726300000|  0%| F|  |TAMS 0x0000000726200000, 0x0000000726200000| Untracked 
|  63|0x0000000726300000, 0x0000000726300000, 0x0000000726400000|  0%| F|  |TAMS 0x0000000726300000, 0x0000000726300000| Untracked 
|  64|0x0000000726400000, 0x0000000726400000, 0x0000000726500000|  0%| F|  |TAMS 0x0000000726400000, 0x0000000726400000| Untracked 
|  65|0x0000000726500000, 0x0000000726500000, 0x0000000726600000|  0%| F|  |TAMS 0x0000000726500000, 0x0000000726500000| Untracked 
|  66|0x0000000726600000, 0x0000000726600000, 0x0000000726700000|  0%| F|  |TAMS 0x0000000726600000, 0x0000000726600000| Untracked 
|  67|0x0000000726700000, 0x0000000726700000, 0x0000000726800000|  0%| F|  |TAMS 0x0000000726700000, 0x0000000726700000| Untracked 
|  68|0x0000000726800000, 0x0000000726800000, 0x0000000726900000|  0%| F|  |TAMS 0x0000000726800000, 0x0000000726800000| Untracked 
|  69|0x0000000726900000, 0x0000000726900000, 0x0000000726a00000|  0%| F|  |TAMS 0x0000000726900000, 0x0000000726900000| Untracked 
|  70|0x0000000726a00000, 0x0000000726a00000, 0x0000000726b00000|  0%| F|  |TAMS 0x0000000726a00000, 0x0000000726a00000| Untracked 
|  71|0x0000000726b00000, 0x0000000726b00000, 0x0000000726c00000|  0%| F|  |TAMS 0x0000000726b00000, 0x0000000726b00000| Untracked 
|  72|0x0000000726c00000, 0x0000000726c00000, 0x0000000726d00000|  0%| F|  |TAMS 0x0000000726c00000, 0x0000000726c00000| Untracked 
|  73|0x0000000726d00000, 0x0000000726d00000, 0x0000000726e00000|  0%| F|  |TAMS 0x0000000726d00000, 0x0000000726d00000| Untracked 
|  74|0x0000000726e00000, 0x0000000726e00000, 0x0000000726f00000|  0%| F|  |TAMS 0x0000000726e00000, 0x0000000726e00000| Untracked 
|  75|0x0000000726f00000, 0x0000000726f00000, 0x0000000727000000|  0%| F|  |TAMS 0x0000000726f00000, 0x0000000726f00000| Untracked 
|  76|0x0000000727000000, 0x0000000727000000, 0x0000000727100000|  0%| F|  |TAMS 0x0000000727000000, 0x0000000727000000| Untracked 
|  77|0x0000000727100000, 0x0000000727100000, 0x0000000727200000|  0%| F|  |TAMS 0x0000000727100000, 0x0000000727100000| Untracked 
|  78|0x0000000727200000, 0x0000000727200000, 0x0000000727300000|  0%| F|  |TAMS 0x0000000727200000, 0x0000000727200000| Untracked 
|  79|0x0000000727300000, 0x0000000727300000, 0x0000000727400000|  0%| F|  |TAMS 0x0000000727300000, 0x0000000727300000| Untracked 
|  80|0x0000000727400000, 0x0000000727400000, 0x0000000727500000|  0%| F|  |TAMS 0x0000000727400000, 0x0000000727400000| Untracked 
|  81|0x0000000727500000, 0x0000000727500000, 0x0000000727600000|  0%| F|  |TAMS 0x0000000727500000, 0x0000000727500000| Untracked 
|  82|0x0000000727600000, 0x0000000727600000, 0x0000000727700000|  0%| F|  |TAMS 0x0000000727600000, 0x0000000727600000| Untracked 
|  83|0x0000000727700000, 0x0000000727700000, 0x0000000727800000|  0%| F|  |TAMS 0x0000000727700000, 0x0000000727700000| Untracked 
|  84|0x0000000727800000, 0x0000000727800000, 0x0000000727900000|  0%| F|  |TAMS 0x0000000727800000, 0x0000000727800000| Untracked 
|  85|0x0000000727900000, 0x0000000727900000, 0x0000000727a00000|  0%| F|  |TAMS 0x0000000727900000, 0x0000000727900000| Untracked 
|  86|0x0000000727a00000, 0x0000000727a00000, 0x0000000727b00000|  0%| F|  |TAMS 0x0000000727a00000, 0x0000000727a00000| Untracked 
|  87|0x0000000727b00000, 0x0000000727b00000, 0x0000000727c00000|  0%| F|  |TAMS 0x0000000727b00000, 0x0000000727b00000| Untracked 
|  88|0x0000000727c00000, 0x0000000727c00000, 0x0000000727d00000|  0%| F|  |TAMS 0x0000000727c00000, 0x0000000727c00000| Untracked 
|  89|0x0000000727d00000, 0x0000000727d00000, 0x0000000727e00000|  0%| F|  |TAMS 0x0000000727d00000, 0x0000000727d00000| Untracked 
|  90|0x0000000727e00000, 0x0000000727e00000, 0x0000000727f00000|  0%| F|  |TAMS 0x0000000727e00000, 0x0000000727e00000| Untracked 
|  91|0x0000000727f00000, 0x0000000727f00000, 0x0000000728000000|  0%| F|  |TAMS 0x0000000727f00000, 0x0000000727f00000| Untracked 
|  92|0x0000000728000000, 0x0000000728000000, 0x0000000728100000|  0%| F|  |TAMS 0x0000000728000000, 0x0000000728000000| Untracked 
|  93|0x0000000728100000, 0x0000000728100000, 0x0000000728200000|  0%| F|  |TAMS 0x0000000728100000, 0x0000000728100000| Untracked 
|  94|0x0000000728200000, 0x0000000728200000, 0x0000000728300000|  0%| F|  |TAMS 0x0000000728200000, 0x0000000728200000| Untracked 
|  95|0x0000000728300000, 0x0000000728300000, 0x0000000728400000|  0%| F|  |TAMS 0x0000000728300000, 0x0000000728300000| Untracked 
|  96|0x0000000728400000, 0x0000000728400000, 0x0000000728500000|  0%| F|  |TAMS 0x0000000728400000, 0x0000000728400000| Untracked 
|  97|0x0000000728500000, 0x0000000728500000, 0x0000000728600000|  0%| F|  |TAMS 0x0000000728500000, 0x0000000728500000| Untracked 
|  98|0x0000000728600000, 0x0000000728600000, 0x0000000728700000|  0%| F|  |TAMS 0x0000000728600000, 0x0000000728600000| Untracked 
|  99|0x0000000728700000, 0x0000000728700000, 0x0000000728800000|  0%| F|  |TAMS 0x0000000728700000, 0x0000000728700000| Untracked 
| 100|0x0000000728800000, 0x0000000728800000, 0x0000000728900000|  0%| F|  |TAMS 0x0000000728800000, 0x0000000728800000| Untracked 
| 101|0x0000000728900000, 0x0000000728900000, 0x0000000728a00000|  0%| F|  |TAMS 0x0000000728900000, 0x0000000728900000| Untracked 
| 102|0x0000000728a00000, 0x0000000728a00000, 0x0000000728b00000|  0%| F|  |TAMS 0x0000000728a00000, 0x0000000728a00000| Untracked 
| 103|0x0000000728b00000, 0x0000000728b00000, 0x0000000728c00000|  0%| F|  |TAMS 0x0000000728b00000, 0x0000000728b00000| Untracked 
| 104|0x0000000728c00000, 0x0000000728c00000, 0x0000000728d00000|  0%| F|  |TAMS 0x0000000728c00000, 0x0000000728c00000| Untracked 
| 105|0x0000000728d00000, 0x0000000728d00000, 0x0000000728e00000|  0%| F|  |TAMS 0x0000000728d00000, 0x0000000728d00000| Untracked 
| 106|0x0000000728e00000, 0x0000000728e00000, 0x0000000728f00000|  0%| F|  |TAMS 0x0000000728e00000, 0x0000000728e00000| Untracked 
| 107|0x0000000728f00000, 0x0000000728f00000, 0x0000000729000000|  0%| F|  |TAMS 0x0000000728f00000, 0x0000000728f00000| Untracked 
| 108|0x0000000729000000, 0x0000000729000000, 0x0000000729100000|  0%| F|  |TAMS 0x0000000729000000, 0x0000000729000000| Untracked 
| 109|0x0000000729100000, 0x0000000729100000, 0x0000000729200000|  0%| F|  |TAMS 0x0000000729100000, 0x0000000729100000| Untracked 
| 110|0x0000000729200000, 0x0000000729200000, 0x0000000729300000|  0%| F|  |TAMS 0x0000000729200000, 0x0000000729200000| Untracked 
| 111|0x0000000729300000, 0x0000000729300000, 0x0000000729400000|  0%| F|  |TAMS 0x0000000729300000, 0x0000000729300000| Untracked 
| 112|0x0000000729400000, 0x0000000729400000, 0x0000000729500000|  0%| F|  |TAMS 0x0000000729400000, 0x0000000729400000| Untracked 
| 113|0x0000000729500000, 0x0000000729500000, 0x0000000729600000|  0%| F|  |TAMS 0x0000000729500000, 0x0000000729500000| Untracked 
| 114|0x0000000729600000, 0x0000000729600000, 0x0000000729700000|  0%| F|  |TAMS 0x0000000729600000, 0x0000000729600000| Untracked 
| 115|0x0000000729700000, 0x0000000729700000, 0x0000000729800000|  0%| F|  |TAMS 0x0000000729700000, 0x0000000729700000| Untracked 
| 116|0x0000000729800000, 0x0000000729800000, 0x0000000729900000|  0%| F|  |TAMS 0x0000000729800000, 0x0000000729800000| Untracked 
| 117|0x0000000729900000, 0x0000000729900000, 0x0000000729a00000|  0%| F|  |TAMS 0x0000000729900000, 0x0000000729900000| Untracked 
| 118|0x0000000729a00000, 0x0000000729a00000, 0x0000000729b00000|  0%| F|  |TAMS 0x0000000729a00000, 0x0000000729a00000| Untracked 
| 119|0x0000000729b00000, 0x0000000729b00000, 0x0000000729c00000|  0%| F|  |TAMS 0x0000000729b00000, 0x0000000729b00000| Untracked 
| 120|0x0000000729c00000, 0x0000000729c00000, 0x0000000729d00000|  0%| F|  |TAMS 0x0000000729c00000, 0x0000000729c00000| Untracked 
| 121|0x0000000729d00000, 0x0000000729d00000, 0x0000000729e00000|  0%| F|  |TAMS 0x0000000729d00000, 0x0000000729d00000| Untracked 
| 122|0x0000000729e00000, 0x0000000729e00000, 0x0000000729f00000|  0%| F|  |TAMS 0x0000000729e00000, 0x0000000729e00000| Untracked 
| 123|0x0000000729f00000, 0x0000000729f00000, 0x000000072a000000|  0%| F|  |TAMS 0x0000000729f00000, 0x0000000729f00000| Untracked 
| 124|0x000000072a000000, 0x000000072a000000, 0x000000072a100000|  0%| F|  |TAMS 0x000000072a000000, 0x000000072a000000| Untracked 
| 125|0x000000072a100000, 0x000000072a100000, 0x000000072a200000|  0%| F|  |TAMS 0x000000072a100000, 0x000000072a100000| Untracked 
| 126|0x000000072a200000, 0x000000072a200000, 0x000000072a300000|  0%| F|  |TAMS 0x000000072a200000, 0x000000072a200000| Untracked 
| 127|0x000000072a300000, 0x000000072a300000, 0x000000072a400000|  0%| F|  |TAMS 0x000000072a300000, 0x000000072a300000| Untracked 
| 128|0x000000072a400000, 0x000000072a400000, 0x000000072a500000|  0%| F|  |TAMS 0x000000072a400000, 0x000000072a400000| Untracked 
| 129|0x000000072a500000, 0x000000072a500000, 0x000000072a600000|  0%| F|  |TAMS 0x000000072a500000, 0x000000072a500000| Untracked 
| 130|0x000000072a600000, 0x000000072a600000, 0x000000072a700000|  0%| F|  |TAMS 0x000000072a600000, 0x000000072a600000| Untracked 
| 131|0x000000072a700000, 0x000000072a700000, 0x000000072a800000|  0%| F|  |TAMS 0x000000072a700000, 0x000000072a700000| Untracked 
| 132|0x000000072a800000, 0x000000072a800000, 0x000000072a900000|  0%| F|  |TAMS 0x000000072a800000, 0x000000072a800000| Untracked 
| 133|0x000000072a900000, 0x000000072a900000, 0x000000072aa00000|  0%| F|  |TAMS 0x000000072a900000, 0x000000072a900000| Untracked 
| 134|0x000000072aa00000, 0x000000072aa00000, 0x000000072ab00000|  0%| F|  |TAMS 0x000000072aa00000, 0x000000072aa00000| Untracked 
| 135|0x000000072ab00000, 0x000000072ab00000, 0x000000072ac00000|  0%| F|  |TAMS 0x000000072ab00000, 0x000000072ab00000| Untracked 
| 136|0x000000072ac00000, 0x000000072ac00000, 0x000000072ad00000|  0%| F|  |TAMS 0x000000072ac00000, 0x000000072ac00000| Untracked 
| 137|0x000000072ad00000, 0x000000072ad00000, 0x000000072ae00000|  0%| F|  |TAMS 0x000000072ad00000, 0x000000072ad00000| Untracked 
| 138|0x000000072ae00000, 0x000000072ae00000, 0x000000072af00000|  0%| F|  |TAMS 0x000000072ae00000, 0x000000072ae00000| Untracked 
| 139|0x000000072af00000, 0x000000072af00000, 0x000000072b000000|  0%| F|  |TAMS 0x000000072af00000, 0x000000072af00000| Untracked 
| 140|0x000000072b000000, 0x000000072b000000, 0x000000072b100000|  0%| F|  |TAMS 0x000000072b000000, 0x000000072b000000| Untracked 
| 141|0x000000072b100000, 0x000000072b100000, 0x000000072b200000|  0%| F|  |TAMS 0x000000072b100000, 0x000000072b100000| Untracked 
| 142|0x000000072b200000, 0x000000072b200000, 0x000000072b300000|  0%| F|  |TAMS 0x000000072b200000, 0x000000072b200000| Untracked 
| 143|0x000000072b300000, 0x000000072b300000, 0x000000072b400000|  0%| F|  |TAMS 0x000000072b300000, 0x000000072b300000| Untracked 
| 144|0x000000072b400000, 0x000000072b400000, 0x000000072b500000|  0%| F|  |TAMS 0x000000072b400000, 0x000000072b400000| Untracked 
| 145|0x000000072b500000, 0x000000072b500000, 0x000000072b600000|  0%| F|  |TAMS 0x000000072b500000, 0x000000072b500000| Untracked 
| 146|0x000000072b600000, 0x000000072b600000, 0x000000072b700000|  0%| F|  |TAMS 0x000000072b600000, 0x000000072b600000| Untracked 
| 147|0x000000072b700000, 0x000000072b700000, 0x000000072b800000|  0%| F|  |TAMS 0x000000072b700000, 0x000000072b700000| Untracked 
| 148|0x000000072b800000, 0x000000072b800000, 0x000000072b900000|  0%| F|  |TAMS 0x000000072b800000, 0x000000072b800000| Untracked 
| 149|0x000000072b900000, 0x000000072b900000, 0x000000072ba00000|  0%| F|  |TAMS 0x000000072b900000, 0x000000072b900000| Untracked 
| 150|0x000000072ba00000, 0x000000072ba00000, 0x000000072bb00000|  0%| F|  |TAMS 0x000000072ba00000, 0x000000072ba00000| Untracked 
| 151|0x000000072bb00000, 0x000000072bb00000, 0x000000072bc00000|  0%| F|  |TAMS 0x000000072bb00000, 0x000000072bb00000| Untracked 
| 152|0x000000072bc00000, 0x000000072bc00000, 0x000000072bd00000|  0%| F|  |TAMS 0x000000072bc00000, 0x000000072bc00000| Untracked 
| 153|0x000000072bd00000, 0x000000072bd00000, 0x000000072be00000|  0%| F|  |TAMS 0x000000072bd00000, 0x000000072bd00000| Untracked 
| 154|0x000000072be00000, 0x000000072be00000, 0x000000072bf00000|  0%| F|  |TAMS 0x000000072be00000, 0x000000072be00000| Untracked 
| 155|0x000000072bf00000, 0x000000072bf00000, 0x000000072c000000|  0%| F|  |TAMS 0x000000072bf00000, 0x000000072bf00000| Untracked 
| 156|0x000000072c000000, 0x000000072c000000, 0x000000072c100000|  0%| F|  |TAMS 0x000000072c000000, 0x000000072c000000| Untracked 
| 157|0x000000072c100000, 0x000000072c100000, 0x000000072c200000|  0%| F|  |TAMS 0x000000072c100000, 0x000000072c100000| Untracked 
| 158|0x000000072c200000, 0x000000072c200000, 0x000000072c300000|  0%| F|  |TAMS 0x000000072c200000, 0x000000072c200000| Untracked 
| 159|0x000000072c300000, 0x000000072c300000, 0x000000072c400000|  0%| F|  |TAMS 0x000000072c300000, 0x000000072c300000| Untracked 
| 160|0x000000072c400000, 0x000000072c400000, 0x000000072c500000|  0%| F|  |TAMS 0x000000072c400000, 0x000000072c400000| Untracked 
| 161|0x000000072c500000, 0x000000072c500000, 0x000000072c600000|  0%| F|  |TAMS 0x000000072c500000, 0x000000072c500000| Untracked 
| 162|0x000000072c600000, 0x000000072c600000, 0x000000072c700000|  0%| F|  |TAMS 0x000000072c600000, 0x000000072c600000| Untracked 
| 163|0x000000072c700000, 0x000000072c700000, 0x000000072c800000|  0%| F|  |TAMS 0x000000072c700000, 0x000000072c700000| Untracked 
| 164|0x000000072c800000, 0x000000072c800000, 0x000000072c900000|  0%| F|  |TAMS 0x000000072c800000, 0x000000072c800000| Untracked 
| 165|0x000000072c900000, 0x000000072c900000, 0x000000072ca00000|  0%| F|  |TAMS 0x000000072c900000, 0x000000072c900000| Untracked 
| 166|0x000000072ca00000, 0x000000072ca00000, 0x000000072cb00000|  0%| F|  |TAMS 0x000000072ca00000, 0x000000072ca00000| Untracked 
| 167|0x000000072cb00000, 0x000000072cb00000, 0x000000072cc00000|  0%| F|  |TAMS 0x000000072cb00000, 0x000000072cb00000| Untracked 
| 168|0x000000072cc00000, 0x000000072cc00000, 0x000000072cd00000|  0%| F|  |TAMS 0x000000072cc00000, 0x000000072cc00000| Untracked 
| 169|0x000000072cd00000, 0x000000072cd00000, 0x000000072ce00000|  0%| F|  |TAMS 0x000000072cd00000, 0x000000072cd00000| Untracked 
| 170|0x000000072ce00000, 0x000000072ce00000, 0x000000072cf00000|  0%| F|  |TAMS 0x000000072ce00000, 0x000000072ce00000| Untracked 
| 171|0x000000072cf00000, 0x000000072cf00000, 0x000000072d000000|  0%| F|  |TAMS 0x000000072cf00000, 0x000000072cf00000| Untracked 
| 172|0x000000072d000000, 0x000000072d000000, 0x000000072d100000|  0%| F|  |TAMS 0x000000072d000000, 0x000000072d000000| Untracked 
| 173|0x000000072d100000, 0x000000072d100000, 0x000000072d200000|  0%| F|  |TAMS 0x000000072d100000, 0x000000072d100000| Untracked 
| 174|0x000000072d200000, 0x000000072d200000, 0x000000072d300000|  0%| F|  |TAMS 0x000000072d200000, 0x000000072d200000| Untracked 
| 175|0x000000072d300000, 0x000000072d300000, 0x000000072d400000|  0%| F|  |TAMS 0x000000072d300000, 0x000000072d300000| Untracked 
| 176|0x000000072d400000, 0x000000072d400000, 0x000000072d500000|  0%| F|  |TAMS 0x000000072d400000, 0x000000072d400000| Untracked 
| 177|0x000000072d500000, 0x000000072d500000, 0x000000072d600000|  0%| F|  |TAMS 0x000000072d500000, 0x000000072d500000| Untracked 
| 178|0x000000072d600000, 0x000000072d600000, 0x000000072d700000|  0%| F|  |TAMS 0x000000072d600000, 0x000000072d600000| Untracked 
| 179|0x000000072d700000, 0x000000072d700000, 0x000000072d800000|  0%| F|  |TAMS 0x000000072d700000, 0x000000072d700000| Untracked 
| 180|0x000000072d800000, 0x000000072d800000, 0x000000072d900000|  0%| F|  |TAMS 0x000000072d800000, 0x000000072d800000| Untracked 
| 181|0x000000072d900000, 0x000000072d900000, 0x000000072da00000|  0%| F|  |TAMS 0x000000072d900000, 0x000000072d900000| Untracked 
| 182|0x000000072da00000, 0x000000072da00000, 0x000000072db00000|  0%| F|  |TAMS 0x000000072da00000, 0x000000072da00000| Untracked 
| 183|0x000000072db00000, 0x000000072db00000, 0x000000072dc00000|  0%| F|  |TAMS 0x000000072db00000, 0x000000072db00000| Untracked 
| 184|0x000000072dc00000, 0x000000072dc00000, 0x000000072dd00000|  0%| F|  |TAMS 0x000000072dc00000, 0x000000072dc00000| Untracked 
| 185|0x000000072dd00000, 0x000000072dd00000, 0x000000072de00000|  0%| F|  |TAMS 0x000000072dd00000, 0x000000072dd00000| Untracked 
| 186|0x000000072de00000, 0x000000072de00000, 0x000000072df00000|  0%| F|  |TAMS 0x000000072de00000, 0x000000072de00000| Untracked 
| 187|0x000000072df00000, 0x000000072df00000, 0x000000072e000000|  0%| F|  |TAMS 0x000000072df00000, 0x000000072df00000| Untracked 
| 188|0x000000072e000000, 0x000000072e000000, 0x000000072e100000|  0%| F|  |TAMS 0x000000072e000000, 0x000000072e000000| Untracked 
| 189|0x000000072e100000, 0x000000072e100000, 0x000000072e200000|  0%| F|  |TAMS 0x000000072e100000, 0x000000072e100000| Untracked 
| 190|0x000000072e200000, 0x000000072e200000, 0x000000072e300000|  0%| F|  |TAMS 0x000000072e200000, 0x000000072e200000| Untracked 
| 191|0x000000072e300000, 0x000000072e300000, 0x000000072e400000|  0%| F|  |TAMS 0x000000072e300000, 0x000000072e300000| Untracked 
| 192|0x000000072e400000, 0x000000072e400000, 0x000000072e500000|  0%| F|  |TAMS 0x000000072e400000, 0x000000072e400000| Untracked 
| 193|0x000000072e500000, 0x000000072e500000, 0x000000072e600000|  0%| F|  |TAMS 0x000000072e500000, 0x000000072e500000| Untracked 
| 194|0x000000072e600000, 0x000000072e600000, 0x000000072e700000|  0%| F|  |TAMS 0x000000072e600000, 0x000000072e600000| Untracked 
| 195|0x000000072e700000, 0x000000072e700000, 0x000000072e800000|  0%| F|  |TAMS 0x000000072e700000, 0x000000072e700000| Untracked 
| 196|0x000000072e800000, 0x000000072e800000, 0x000000072e900000|  0%| F|  |TAMS 0x000000072e800000, 0x000000072e800000| Untracked 
| 197|0x000000072e900000, 0x000000072e900000, 0x000000072ea00000|  0%| F|  |TAMS 0x000000072e900000, 0x000000072e900000| Untracked 
| 198|0x000000072ea00000, 0x000000072ea00000, 0x000000072eb00000|  0%| F|  |TAMS 0x000000072ea00000, 0x000000072ea00000| Untracked 
| 199|0x000000072eb00000, 0x000000072eb00000, 0x000000072ec00000|  0%| F|  |TAMS 0x000000072eb00000, 0x000000072eb00000| Untracked 
| 200|0x000000072ec00000, 0x000000072ec00000, 0x000000072ed00000|  0%| F|  |TAMS 0x000000072ec00000, 0x000000072ec00000| Untracked 
| 201|0x000000072ed00000, 0x000000072ed00000, 0x000000072ee00000|  0%| F|  |TAMS 0x000000072ed00000, 0x000000072ed00000| Untracked 
| 202|0x000000072ee00000, 0x000000072ee00000, 0x000000072ef00000|  0%| F|  |TAMS 0x000000072ee00000, 0x000000072ee00000| Untracked 
| 203|0x000000072ef00000, 0x000000072ef00000, 0x000000072f000000|  0%| F|  |TAMS 0x000000072ef00000, 0x000000072ef00000| Untracked 
| 204|0x000000072f000000, 0x000000072f000000, 0x000000072f100000|  0%| F|  |TAMS 0x000000072f000000, 0x000000072f000000| Untracked 
| 205|0x000000072f100000, 0x000000072f100000, 0x000000072f200000|  0%| F|  |TAMS 0x000000072f100000, 0x000000072f100000| Untracked 
| 206|0x000000072f200000, 0x000000072f200000, 0x000000072f300000|  0%| F|  |TAMS 0x000000072f200000, 0x000000072f200000| Untracked 
| 207|0x000000072f300000, 0x000000072f300000, 0x000000072f400000|  0%| F|  |TAMS 0x000000072f300000, 0x000000072f300000| Untracked 
| 208|0x000000072f400000, 0x000000072f400000, 0x000000072f500000|  0%| F|  |TAMS 0x000000072f400000, 0x000000072f400000| Untracked 
| 209|0x000000072f500000, 0x000000072f500000, 0x000000072f600000|  0%| F|  |TAMS 0x000000072f500000, 0x000000072f500000| Untracked 
| 210|0x000000072f600000, 0x000000072f600000, 0x000000072f700000|  0%| F|  |TAMS 0x000000072f600000, 0x000000072f600000| Untracked 
| 211|0x000000072f700000, 0x000000072f700000, 0x000000072f800000|  0%| F|  |TAMS 0x000000072f700000, 0x000000072f700000| Untracked 
| 212|0x000000072f800000, 0x000000072f800000, 0x000000072f900000|  0%| F|  |TAMS 0x000000072f800000, 0x000000072f800000| Untracked 
| 213|0x000000072f900000, 0x000000072f900000, 0x000000072fa00000|  0%| F|  |TAMS 0x000000072f900000, 0x000000072f900000| Untracked 
| 214|0x000000072fa00000, 0x000000072fa00000, 0x000000072fb00000|  0%| F|  |TAMS 0x000000072fa00000, 0x000000072fa00000| Untracked 
| 215|0x000000072fb00000, 0x000000072fb00000, 0x000000072fc00000|  0%| F|  |TAMS 0x000000072fb00000, 0x000000072fb00000| Untracked 
| 216|0x000000072fc00000, 0x000000072fc00000, 0x000000072fd00000|  0%| F|  |TAMS 0x000000072fc00000, 0x000000072fc00000| Untracked 
| 217|0x000000072fd00000, 0x000000072fd00000, 0x000000072fe00000|  0%| F|  |TAMS 0x000000072fd00000, 0x000000072fd00000| Untracked 
| 218|0x000000072fe00000, 0x000000072fe00000, 0x000000072ff00000|  0%| F|  |TAMS 0x000000072fe00000, 0x000000072fe00000| Untracked 
| 219|0x000000072ff00000, 0x000000072fff6458, 0x0000000730000000| 96%| E|  |TAMS 0x000000072ff00000, 0x000000072ff00000| Complete 
| 220|0x0000000730000000, 0x0000000730100000, 0x0000000730100000|100%| E|CS|TAMS 0x0000000730000000, 0x0000000730000000| Complete 
| 221|0x0000000730100000, 0x0000000730200000, 0x0000000730200000|100%| E|CS|TAMS 0x0000000730100000, 0x0000000730100000| Complete 

Card table byte_map: [0x0000028cfe560000,0x0000028cfec50000] _byte_map_base: 0x0000028cfac4e000

Marking Bits (Prev, Next): (CMBitMap*) 0x0000028ce9f1ef38, (CMBitMap*) 0x0000028ce9f1ef70
 Prev Bits: [0x0000028c80000000, 0x0000028c83770000)
 Next Bits: [0x0000028c83770000, 0x0000028c86ee0000)

Polling page: 0x0000028ce9e00000

Metaspace:

Usage:
  Non-class:      5.30 MB capacity,     5.18 MB ( 98%) used,   119.55 KB (  2%) free+waste,     3.13 KB ( <1%) overhead. 
      Class:    509.00 KB capacity,   498.42 KB ( 98%) used,     9.02 KB (  2%) free+waste,     1.56 KB ( <1%) overhead. 
       Both:      5.80 MB capacity,     5.67 MB ( 98%) used,   128.56 KB (  2%) free+waste,     4.69 KB ( <1%) overhead. 

Virtual space:
  Non-class space:       10.00 MB reserved,       5.50 MB ( 55%) committed 
      Class space:        1.00 GB reserved,     512.00 KB ( <1%) committed 
             Both:        1.01 GB reserved,       6.00 MB ( <1%) committed 

Chunk freelists:
   Non-Class:  11.00 KB
       Class:  3.00 KB
        Both:  14.00 KB

MaxMetaspaceSize: 17179869184.00 GB
CompressedClassSpaceSize: 1.00 GB

CodeHeap 'non-profiled nmethods': size=119168Kb used=55Kb max_used=55Kb free=119112Kb
 bounds [0x0000028cf5a50000, 0x0000028cf5cc0000, 0x0000028cfceb0000]
CodeHeap 'profiled nmethods': size=119168Kb used=305Kb max_used=305Kb free=118862Kb
 bounds [0x0000028cee5f0000, 0x0000028cee860000, 0x0000028cf5a50000]
CodeHeap 'non-nmethods': size=7424Kb used=1624Kb max_used=1624Kb free=5799Kb
 bounds [0x0000028cedeb0000, 0x0000028cee120000, 0x0000028cee5f0000]
 total_blobs=582 nmethods=235 adapters=258
 compilation: enabled
              stopped_count=0, restarted_count=0
 full_count=0

Compilation events (20 events):
Event: 0.180 Thread 0x0000028c89f32000 nmethod 208 0x0000028cee62d810 code [0x0000028cee62d9c0, 0x0000028cee62db58]
Event: 0.180 Thread 0x0000028c89f32000  207       3       java.lang.invoke.LambdaForm$Name::<init> (54 bytes)
Event: 0.180 Thread 0x0000028c89f32000 nmethod 207 0x0000028cee62dc10 code [0x0000028cee62dde0, 0x0000028cee62e0b8]
Event: 0.180 Thread 0x0000028c89f32000  204       3       java.lang.invoke.MemberName::testAllFlags (7 bytes)
Event: 0.181 Thread 0x0000028c89f32000 nmethod 204 0x0000028cee62e190 code [0x0000028cee62e340, 0x0000028cee62e4f8]
Event: 0.181 Thread 0x0000028c89f32000  210       3       java.lang.invoke.LambdaForm$Name::useCount (42 bytes)
Event: 0.181 Thread 0x0000028c89f32000 nmethod 210 0x0000028cee62e590 code [0x0000028cee62e760, 0x0000028cee62ea58]
Event: 0.181 Thread 0x0000028c89f32000  203       3       java.lang.invoke.MemberName::initResolved (53 bytes)
Event: 0.181 Thread 0x0000028c89f32000 nmethod 203 0x0000028cee62eb90 code [0x0000028cee62ed40, 0x0000028cee62eef8]
Event: 0.181 Thread 0x0000028c89f32000  206       3       java.lang.invoke.MethodType$ConcurrentWeakInternSet$WeakEntry::equals (49 bytes)
Event: 0.181 Thread 0x0000028c89d53000 nmethod 202 0x0000028cee62ef90 code [0x0000028cee62f340, 0x0000028cee630e88]
Event: 0.181 Thread 0x0000028c89f32000 nmethod 206 0x0000028cee631690 code [0x0000028cee631880, 0x0000028cee631f28]
Event: 0.181 Thread 0x0000028c89d53000  198       3       jdk.internal.org.objectweb.asm.ByteVector::putShort (52 bytes)
Event: 0.181 Thread 0x0000028c89f32000  215       3       jdk.internal.org.objectweb.asm.Frame::execute (2264 bytes)
Event: 0.182 Thread 0x0000028c89d53000 nmethod 198 0x0000028cee632010 code [0x0000028cee6321e0, 0x0000028cee6323e8]
Event: 0.182 Thread 0x0000028c89d53000  211       3       java.lang.invoke.MemberName::getReferenceKind (12 bytes)
Event: 0.182 Thread 0x0000028c89d53000 nmethod 211 0x0000028cee632510 code [0x0000028cee6326c0, 0x0000028cee6327d8]
Event: 0.182 Thread 0x0000028c89d53000  214       3       sun.invoke.util.Wrapper::forPrimitiveType (49 bytes)
Event: 0.183 Thread 0x0000028c89d53000 nmethod 214 0x0000028cee632890 code [0x0000028cee632c20, 0x0000028cee6341a8]
Event: 0.183 Thread 0x0000028c89d53000  227       3       java.util.Arrays::equals (57 bytes)

GC Heap History (0 events):
No events

Deoptimization events (4 events):
Event: 0.123 Thread 0x0000028ce9ec2000 Uncommon trap: trap_request=0xffffff4d fr.pc=0x0000028cf5a54404 relative=0x00000000000001e4
Event: 0.123 Thread 0x0000028ce9ec2000 Uncommon trap: reason=unstable_if action=reinterpret pc=0x0000028cf5a54404 method=java.lang.String.hashCode()I @ 14 c2
Event: 0.123 Thread 0x0000028ce9ec2000 DEOPT PACKING pc=0x0000028cf5a54404 sp=0x000000deabffd8d0
Event: 0.123 Thread 0x0000028ce9ec2000 DEOPT UNPACKING pc=0x0000028ceded68af sp=0x000000deabffd868 mode 2

Classes redefined (0 events):
No events

Internal exceptions (0 events):
No events

Events (20 events):
Event: 0.175 loading class java/lang/invoke/BoundMethodHandle$Species_LLL done
Event: 0.176 loading class java/lang/invoke/BoundMethodHandle$Species_LLLL
Event: 0.176 loading class java/lang/invoke/BoundMethodHandle$Species_LLLL done
Event: 0.177 loading class java/lang/invoke/BoundMethodHandle$Species_LLLLL
Event: 0.177 loading class java/lang/invoke/BoundMethodHandle$Species_LLLLL done
Event: 0.178 loading class java/lang/invoke/BoundMethodHandle$Species_LLLLLL
Event: 0.178 loading class java/lang/invoke/BoundMethodHandle$Species_LLLLLL done
Event: 0.179 Thread 0x0000028c89f32000 Thread added: 0x0000028c89f32000
Event: 0.179 loading class java/lang/Byte$ByteCache
Event: 0.179 loading class java/lang/Byte$ByteCache done
Event: 0.180 loading class java/lang/invoke/MethodHandles$1
Event: 0.180 loading class java/lang/invoke/MethodHandles$1 done
Event: 0.180 loading class java/lang/invoke/BoundMethodHandle$Species_LLLLLLI
Event: 0.180 loading class java/lang/invoke/BoundMethodHandle$Species_LLLLLLI done
Event: 0.181 loading class sun/invoke/util/ValueConversions$WrapperCache
Event: 0.181 loading class sun/invoke/util/ValueConversions$WrapperCache done
Event: 0.181 loading class java/lang/invoke/BoundMethodHandle$Species_LLLLLLII
Event: 0.181 loading class java/lang/invoke/BoundMethodHandle$Species_LLLLLLII done
Event: 0.182 loading class java/lang/invoke/BoundMethodHandle$Species_LLLLLLIIL
Event: 0.182 loading class java/lang/invoke/BoundMethodHandle$Species_LLLLLLIIL done


Dynamic libraries:
0x00007ff7bd800000 - 0x00007ff7bd80a000 	D:\Program Files\JetBrains\IntelliJ IDEA 2021.1.3\jbr\bin\java.exe
0x00007ff854940000 - 0x00007ff854b49000 	C:\WINDOWS\SYSTEM32\ntdll.dll
0x00007ff854660000 - 0x00007ff85471d000 	C:\WINDOWS\System32\KERNEL32.DLL
0x00007ff852270000 - 0x00007ff8525e9000 	C:\WINDOWS\System32\KERNELBASE.dll
0x00007ff852150000 - 0x00007ff852261000 	C:\WINDOWS\System32\ucrtbase.dll
0x00007ff84d670000 - 0x00007ff84d689000 	D:\Program Files\JetBrains\IntelliJ IDEA 2021.1.3\jbr\bin\jli.dll
0x00007ff84b370000 - 0x00007ff84b387000 	D:\Program Files\JetBrains\IntelliJ IDEA 2021.1.3\jbr\bin\VCRUNTIME140.dll
0x00007ff854350000 - 0x00007ff8544fc000 	C:\WINDOWS\System32\USER32.dll
0x00007ff851e20000 - 0x00007ff851e46000 	C:\WINDOWS\System32\win32u.dll
0x00007ff852920000 - 0x00007ff852949000 	C:\WINDOWS\System32\GDI32.dll
0x00007ff851e50000 - 0x00007ff851f62000 	C:\WINDOWS\System32\gdi32full.dll
0x00007ff83e1c0000 - 0x00007ff83e465000 	C:\WINDOWS\WinSxS\amd64_microsoft.windows.common-controls_6595b64144ccf1df_6.0.22000.120_none_9d947278b86cc467\COMCTL32.dll
0x00007ff8525f0000 - 0x00007ff85268d000 	C:\WINDOWS\System32\msvcp_win.dll
0x00007ff853560000 - 0x00007ff853603000 	C:\WINDOWS\System32\msvcrt.dll
0x00007ff8537b0000 - 0x00007ff8537e1000 	C:\WINDOWS\System32\IMM32.DLL
0x00000000574a0000 - 0x00000000574ac000 	D:\Program Files (x86)\360\360Safe\safemon\SafeWrapper.dll
0x00007ff854830000 - 0x00007ff8548de000 	C:\WINDOWS\System32\ADVAPI32.dll
0x00007ff854720000 - 0x00007ff8547be000 	C:\WINDOWS\System32\sechost.dll
0x00007ff853a10000 - 0x00007ff853b30000 	C:\WINDOWS\System32\RPCRT4.dll
0x00007ff83dab0000 - 0x00007ff83db42000 	D:\Program Files (x86)\360\360Safe\safemon\libzdtp64.dll
0x00007ff853b30000 - 0x00007ff8542e8000 	C:\WINDOWS\System32\SHELL32.dll
0x00007ff8527d0000 - 0x00007ff85282d000 	C:\WINDOWS\System32\SHLWAPI.dll
0x00007ff8517d0000 - 0x00007ff8517da000 	C:\WINDOWS\SYSTEM32\VERSION.dll
0x00007ff83cfb0000 - 0x00007ff83d04d000 	D:\Program Files\JetBrains\IntelliJ IDEA 2021.1.3\jbr\bin\msvcp140.dll
0x00007ffff9f80000 - 0x00007ffffaac9000 	D:\Program Files\JetBrains\IntelliJ IDEA 2021.1.3\jbr\bin\server\jvm.dll
0x00007ff852f80000 - 0x00007ff852f88000 	C:\WINDOWS\System32\PSAPI.DLL
0x00007ff83d260000 - 0x00007ff83d269000 	C:\WINDOWS\SYSTEM32\WSOCK32.dll
0x00007ff84aa50000 - 0x00007ff84aa83000 	C:\WINDOWS\SYSTEM32\WINMM.dll
0x00007ff8547c0000 - 0x00007ff85482f000 	C:\WINDOWS\System32\WS2_32.dll
0x00007ff850eb0000 - 0x00007ff850ec8000 	C:\WINDOWS\SYSTEM32\kernel.appcore.dll
0x00007ff84e560000 - 0x00007ff84e571000 	D:\Program Files\JetBrains\IntelliJ IDEA 2021.1.3\jbr\bin\verify.dll
0x00007ff84f9e0000 - 0x00007ff84fc01000 	C:\WINDOWS\SYSTEM32\DBGHELP.DLL
0x00007ff8479f0000 - 0x00007ff847a21000 	C:\WINDOWS\SYSTEM32\dbgcore.DLL
0x00007ff852690000 - 0x00007ff85270f000 	C:\WINDOWS\System32\bcryptPrimitives.dll
0x00007ff84e480000 - 0x00007ff84e4a9000 	D:\Program Files\JetBrains\IntelliJ IDEA 2021.1.3\jbr\bin\java.dll
0x00007ff84e550000 - 0x00007ff84e55b000 	D:\Program Files\JetBrains\IntelliJ IDEA 2021.1.3\jbr\bin\jimage.dll
0x00007ff84d650000 - 0x00007ff84d668000 	D:\Program Files\JetBrains\IntelliJ IDEA 2021.1.3\jbr\bin\zip.dll
0x00007ff84ff20000 - 0x00007ff850788000 	C:\WINDOWS\SYSTEM32\windows.storage.dll
0x00007ff853020000 - 0x00007ff853399000 	C:\WINDOWS\System32\combase.dll
0x00007ff84fdb0000 - 0x00007ff84ff16000 	C:\WINDOWS\SYSTEM32\wintypes.dll
0x00007ff852a00000 - 0x00007ff852aea000 	C:\WINDOWS\System32\SHCORE.dll
0x00007ff851d50000 - 0x00007ff851d71000 	C:\WINDOWS\SYSTEM32\profapi.dll
0x00007ff84d630000 - 0x00007ff84d64a000 	D:\Program Files\JetBrains\IntelliJ IDEA 2021.1.3\jbr\bin\net.dll
0x00007ff84b780000 - 0x00007ff84b88c000 	C:\WINDOWS\SYSTEM32\WINHTTP.dll
0x00007ff8512e0000 - 0x00007ff851347000 	C:\WINDOWS\system32\mswsock.dll
0x00007ff84d610000 - 0x00007ff84d624000 	D:\Program Files\JetBrains\IntelliJ IDEA 2021.1.3\jbr\bin\nio.dll

dbghelp: loaded successfully - version: 4.0.5 - missing functions: none
symbol engine: initialized successfully - sym options: 0x614 - pdb path: .;D:\Program Files\JetBrains\IntelliJ IDEA 2021.1.3\jbr\bin;C:\WINDOWS\SYSTEM32;C:\WINDOWS\WinSxS\amd64_microsoft.windows.common-controls_6595b64144ccf1df_6.0.22000.120_none_9d947278b86cc467;D:\Program Files (x86)\360\360Safe\safemon;D:\Program Files\JetBrains\IntelliJ IDEA 2021.1.3\jbr\bin\server

VM Arguments:
java_command: org.jetbrains.git4idea.http.GitAskPassApp Username for 'http://36.133.9.60:8099': 
java_class_path (initial): D:/Program Files/JetBrains/IntelliJ IDEA 2021.1.3/plugins/git4idea/lib/git4idea-rt.jar;D:/Program Files/JetBrains/IntelliJ IDEA 2021.1.3/lib/xmlrpc-2.0.1.jar;D:/Program Files/JetBrains/IntelliJ IDEA 2021.1.3/lib/commons-codec-1.15.jar
Launcher Type: SUN_STANDARD

[Global flags]
     intx CICompilerCount                          = 12                                        {product} {ergonomic}
     uint ConcGCThreads                            = 3                                         {product} {ergonomic}
     uint G1ConcRefinementThreads                  = 13                                        {product} {ergonomic}
   size_t G1HeapRegionSize                         = 1048576                                   {product} {ergonomic}
    uintx GCDrainStackTargetSize                   = 64                                        {product} {ergonomic}
   size_t InitialHeapSize                          = 232783872                                 {product} {ergonomic}
   size_t MarkStackSize                            = 4194304                                   {product} {ergonomic}
   size_t MaxHeapSize                              = 3720347648                                {product} {ergonomic}
   size_t MaxNewSize                               = 2231369728                                {product} {ergonomic}
   size_t MinHeapDeltaBytes                        = 1048576                                   {product} {ergonomic}
    uintx NonNMethodCodeHeapSize                   = 7594288                                {pd product} {ergonomic}
    uintx NonProfiledCodeHeapSize                  = 122031976                              {pd product} {ergonomic}
    uintx ProfiledCodeHeapSize                     = 122031976                              {pd product} {ergonomic}
    uintx ReservedCodeCacheSize                    = 251658240                              {pd product} {ergonomic}
     bool SegmentedCodeCache                       = true                                      {product} {ergonomic}
     bool UseCompressedClassPointers               = true                                 {lp64_product} {ergonomic}
     bool UseCompressedOops                        = true                                 {lp64_product} {ergonomic}
     bool UseG1GC                                  = true                                      {product} {ergonomic}
     bool UseLargePagesIndividualAllocation        = false                                  {pd product} {ergonomic}

Logging:
Log output configuration:
 #0: stdout all=warning uptime,level,tags
 #1: stderr all=off uptime,level,tags

Environment Variables:
JAVA_HOME=C:\Program Files\Java\jdk1.8.0_301
CLASSPATH=.;C:\Program Files\Java\jdk1.8.0_301\lib\dt.jar;C:\Program Files\Java\jdk1.8.0_301\lib\tools.jar;
PATH=D:\Program Files\Git\mingw64\libexec\git-core;D:\Program Files\Git\mingw64\libexec\git-core;D:\Program Files\Git\mingw64\bin;D:\Program Files\Git\usr\bin;C:\Users\lenovo\bin;C:\Program Files (x86)\Common Files\TEC-IT\TBarCode\10.2;D:\oracle\product\11.2.0\dbhome_1\bin;C:\Windows\system32;C:\Windows;C:\Windows\System32\Wbem;C:\Windows\System32\WindowsPowerShell\v1.0;C:\Windows\System32\OpenSSH;C:\Program Files (x86)\NVIDIA Corporation\PhysX\Common;C:\Program Files\NVIDIA Corporation\NVIDIA NvDLISR;C:\Program Files\Java\jdk1.8.0_301\bin;C:\Program Files\Java\jdk1.8.0_301\jre\bin;C:\Program Files\MySQL\MySQL Server 8.0\bin;D:\Program Files (x86)\XShell;C:\WINDOWS\system32;C:\WINDOWS;C:\WINDOWS\System32\Wbem;C:\WINDOWS\System32\WindowsPowerShell\v1.0;C:\WINDOWS\System32\OpenSSH;F:\nodejs\node_global;D:\Program Files (x86)\NetSarang\Xftp7;C:\Program Files\dotnet;D:\Program Files\TortoiseGit\bin;D:\Program Files (x86)\Tencent\微信web开发者工具\dll;D:\Program Files\Git\cmd;D:\Program Files (x86)\nvm;D:\Program Files (x86)\nvm\nodejs;D:\apache-maven-3.8.2\bin;C:\Users\lenovo\AppData\Local\Microsoft\WindowsApps;D:\Program Files\JetBrains\IntelliJ IDEA 2021.1.3\bin;D:\Program Files\Microsoft VS Code\bin;D:\Program Files (x86)\nvm;D:\Program Files (x86)\nvm\nodejs
USERNAME=lenovo
DISPLAY=:0.0
LC_ALL=en_US.UTF-8
OS=Windows_NT
PROCESSOR_IDENTIFIER=AMD64 Family 25 Model 80 Stepping 0, AuthenticAMD



---------------  S Y S T E M  ---------------

OS: Windows 10 , 64 bit Build 22000 (10.0.22000.708)
OS uptime: 0 days 5:36 hours

CPU:total 16 (initial active 16) (16 cores per cpu, 2 threads per core) family 25 model 80 stepping 0 microcode 0x0, cmov, cx8, fxsr, mmx, sse, sse2, sse3, ssse3, sse4.1, sse4.2, popcnt, avx, avx2, aes, clmul, erms, mmxext, 3dnowpref, lzcnt, sse4a, ht, tsc, tscinvbit, tscinv, bmi1, bmi2,

Memory: 4k page, system-wide physical 14188M (271M free)
TotalPageFile size 29598M (AvailPageFile size 6M)
current process WorkingSet (physical memory assigned to process): 44M, peak: 44M
current process commit charge ("private bytes"): 315M, peak: 315M

vm_info: OpenJDK 64-Bit Server VM (11.0.11+9-b1341.60) for windows-amd64 JRE (11.0.11+9-b1341.60), built on Jun  4 2021 08:17:54 by "" with MS VC++ 14.0 (VS2015)

END.
